<?xml version="1.0" encoding="UTF-8"?>
<!-- Generated by org.testng.reporters.JUnitXMLReporter -->
<testsuite hostname="MYNB115" ignored="0" name="Default test" tests="4" failures="0" timestamp="24 Aug 2019 03:58:46 GMT" time="0.055" errors="0">
  <testcase name="multiTestA" time="0.009" classname="com.auto.testNG.DataProviders.TC"/>
  <testcase name="multiTestA" time="0.002" classname="com.auto.testNG.DataProviders.TC"/>
  <testcase name="multiTestB" time="0.002" classname="com.auto.testNG.DataProviders.TC"/>
  <testcase name="multiTestB" time="0.001" classname="com.auto.testNG.DataProviders.TC"/>
</testsuite> <!-- Default test -->
