<?xml version="1.0" encoding="UTF-8"?>
<!-- Generated by org.testng.reporters.JUnitXMLReporter -->
<testsuite hostname="MYNB115" ignored="0" name="Test" tests="2" failures="1" timestamp="22 Aug 2019 11:57:16 GMT" time="0.058" errors="0">
  <testcase name="login" time="0.015" classname="com.auto.testNG.listeners.TestCaase">
    <failure type="java.lang.AssertionError" message="expected [true] but found [false]">
      <![CDATA[java.lang.AssertionError: expected [true] but found [false]
at com.auto.testNG.listeners.TestCaase.login(TestCaase.java:10)
... Removed 29 stack frames]]>
    </failure>
  </testcase> <!-- login -->
  <testcase name="login1" time="0.003" classname="com.auto.testNG.listeners.TestCaase"/>
</testsuite> <!-- Test -->
