<?xml version="1.0" encoding="UTF-8"?>
<testng-results skipped="0" failed="0" ignored="0" total="4" passed="4">
  <reporter-output>
  </reporter-output>
  <suite name="Default suite" duration-ms="55" started-at="2019-08-24T03:58:46Z" finished-at="2019-08-24T03:58:46Z">
    <groups>
    </groups>
    <test name="Default test" duration-ms="55" started-at="2019-08-24T03:58:46Z" finished-at="2019-08-24T03:58:46Z">
      <class name="com.auto.testNG.DataProviders.TC">
        <test-method status="PASS" signature="multiTestA(java.lang.String, java.lang.String)[pri:0, instance:com.auto.testNG.DataProviders.TC@59fa1d9b]" name="multiTestA" duration-ms="9" started-at="2019-08-24T03:58:46Z" data-provider="sampleMultiDataProvider" finished-at="2019-08-24T03:58:46Z">
          <params>
            <param index="0">
              <value>
                <![CDATA[M1U1]]>
              </value>
            </param>
            <param index="1">
              <value>
                <![CDATA[M1P1]]>
              </value>
            </param>
          </params>
          <reporter-output>
          </reporter-output>
        </test-method> <!-- multiTestA -->
        <test-method status="PASS" signature="multiTestA(java.lang.String, java.lang.String)[pri:0, instance:com.auto.testNG.DataProviders.TC@59fa1d9b]" name="multiTestA" duration-ms="2" started-at="2019-08-24T03:58:46Z" data-provider="sampleMultiDataProvider" finished-at="2019-08-24T03:58:46Z">
          <params>
            <param index="0">
              <value>
                <![CDATA[M1U2]]>
              </value>
            </param>
            <param index="1">
              <value>
                <![CDATA[M1P2]]>
              </value>
            </param>
          </params>
          <reporter-output>
          </reporter-output>
        </test-method> <!-- multiTestA -->
        <test-method status="PASS" signature="multiTestB(java.lang.String, java.lang.String, java.lang.String)[pri:0, instance:com.auto.testNG.DataProviders.TC@59fa1d9b]" name="multiTestB" duration-ms="2" started-at="2019-08-24T03:58:46Z" data-provider="sampleMultiDataProvider" finished-at="2019-08-24T03:58:46Z">
          <params>
            <param index="0">
              <value>
                <![CDATA[DU1]]>
              </value>
            </param>
            <param index="1">
              <value>
                <![CDATA[DP1]]>
              </value>
            </param>
            <param index="2">
              <value>
                <![CDATA[DChrome]]>
              </value>
            </param>
          </params>
          <reporter-output>
          </reporter-output>
        </test-method> <!-- multiTestB -->
        <test-method status="PASS" signature="multiTestB(java.lang.String, java.lang.String, java.lang.String)[pri:0, instance:com.auto.testNG.DataProviders.TC@59fa1d9b]" name="multiTestB" duration-ms="1" started-at="2019-08-24T03:58:46Z" data-provider="sampleMultiDataProvider" finished-at="2019-08-24T03:58:46Z">
          <params>
            <param index="0">
              <value>
                <![CDATA[DU2]]>
              </value>
            </param>
            <param index="1">
              <value>
                <![CDATA[DP2]]>
              </value>
            </param>
            <param index="2">
              <value>
                <![CDATA[DChrome]]>
              </value>
            </param>
          </params>
          <reporter-output>
          </reporter-output>
        </test-method> <!-- multiTestB -->
      </class> <!-- com.auto.testNG.DataProviders.TC -->
    </test> <!-- Default test -->
  </suite> <!-- Default suite -->
</testng-results>
